[debug] [2022-09-13T06:53:41.904Z] ----------------------------------------------------------------------
[debug] [2022-09-13T06:53:41.906Z] Command:       C:\Program Files\nodejs\node.exe C:\Users\vishv\AppData\Roaming\npm\node_modules\firebase-tools\lib\bin\firebase.js init
[debug] [2022-09-13T06:53:41.906Z] CLI Version:   11.9.0
[debug] [2022-09-13T06:53:41.907Z] Platform:      win32
[debug] [2022-09-13T06:53:41.907Z] Node Version:  v16.15.1
[debug] [2022-09-13T06:53:41.907Z] Time:          Mon Sep 12 2022 23:53:41 GMT-0700 (Pacific Daylight Time)
[debug] [2022-09-13T06:53:41.908Z] ----------------------------------------------------------------------
[debug] 
[debug] [2022-09-13T06:53:41.957Z] > command requires scopes: ["email","openid","https://www.googleapis.com/auth/cloudplatformprojects.readonly","https://www.googleapis.com/auth/firebase","https://www.googleapis.com/auth/cloud-platform"]
[debug] [2022-09-13T06:53:41.958Z] > authorizing via signed-in user (20dcs142@charusat.edu.in)
[info] 
     ######## #### ########  ######## ########     ###     ######  ########
     ##        ##  ##     ## ##       ##     ##  ##   ##  ##       ##
     ######    ##  ########  ######   ########  #########  ######  ######
     ##        ##  ##    ##  ##       ##     ## ##     ##       ## ##
     ##       #### ##     ## ######## ########  ##     ##  ######  ########

You're about to initialize a Firebase project in this directory:

  D:\SEM 5\FULL STACK WEB\airbnb-clone-master\airbnb-clone-master

Before we get started, keep in mind:

  * You are initializing within an existing Firebase project directory

[info] 
=== Project Setup
[info] 
[info] First, let's associate this project directory with a Firebase project.
[info] You can create multiple project aliases by running firebase use --add, 
[info] but for now we'll just set up a default project.
[info] 
[debug] [2022-09-13T06:53:48.862Z] Using project from CLI flag: airbnb-clone-70bbe
[debug] [2022-09-13T06:53:48.865Z] >>> [apiv2][query] GET https://firebase.googleapis.com/v1beta1/projects/airbnb-clone-70bbe [none]
[debug] [2022-09-13T06:53:49.420Z] <<< [apiv2][status] GET https://firebase.googleapis.com/v1beta1/projects/airbnb-clone-70bbe 403
[debug] [2022-09-13T06:53:49.420Z] <<< [apiv2][body] GET https://firebase.googleapis.com/v1beta1/projects/airbnb-clone-70bbe {"error":{"code":403,"message":"The caller does not have permission","status":"PERMISSION_DENIED"}}
[debug] [2022-09-13T06:53:49.420Z] HTTP Error: 403, The caller does not have permission
[debug] [2022-09-13T06:53:49.625Z] FirebaseError: HTTP Error: 403, The caller does not have permission
    at responseToError (C:\Users\vishv\AppData\Roaming\npm\node_modules\firebase-tools\lib\responseToError.js:49:12)
    at RetryOperation._fn (C:\Users\vishv\AppData\Roaming\npm\node_modules\firebase-tools\lib\apiv2.js:288:77)
    at processTicksAndRejections (node:internal/process/task_queues:96:5)
[error] 
[error] Error: Failed to get Firebase project airbnb-clone-70bbe. Please make sure the project exists and your account has permission to access it.
